[35m[Appium][39m Welcome to Appium v1.8.1
[35m[Appium][39m Non-default server args:
[35m[Appium][39m   port: 51623
[35m[Appium][39m   loglevel: info
[35m[Appium][39m   chromeDriverPort: 51624
[35m[Appium][39m   tmpDir: C:\Users\manid\AppData\Local\Temp\\Katalon\Appium\Temp1543398964843
[35m[Appium][39m Appium REST http interface listener started on 0.0.0.0:51623
[35m[HTTP][39m [37m-->[39m [37mGET[39m [37m/wd/hub/status[39m
[35m[HTTP][39m [90m{}[39m
[35m[HTTP][39m [37m<-- GET /wd/hub/status [39m[32m200[39m [90m12 ms - 83[39m
[35m[HTTP][39m [90m[39m
[35m[HTTP][39m [37m-->[39m [37mGET[39m [37m/wd/hub/status[39m
[35m[HTTP][39m [90m{}[39m
[35m[HTTP][39m [37m<-- GET /wd/hub/status [39m[32m200[39m [90m7 ms - 83[39m
[35m[HTTP][39m [90m[39m
[35m[HTTP][39m [37m-->[39m [37mPOST[39m [37m/wd/hub/session[39m
[35m[HTTP][39m [90m{"desiredCapabilities":{"app":"D:\\Hogar Pro v-1.0.2.apk","autoGrantPermissions":true,"automationName":"uiautomator2","deviceName":"Genymotion Samsung Galaxy S7 - 8.0 - API 26 - 1440x2560 (Android 8.0.0)","fullReset":false,"newCommandTimeout":1800,"noReset":true,"platform":"ANDROID","platformName":"Android","udid":"192.168.58.101:5555"},"capabilities":{"desiredCapabilities":{"app":"D:\\Hogar Pro v-1.0.2.apk","autoGrantPermissions":true,"automationName":"uiautomator2","deviceName":"Genymotion Samsung Galaxy S7 - 8.0 - API 26 - 1440x2560 (Android 8.0.0)","fullReset":false,"newCommandTimeout":1800,"noReset":true,"platform":"ANDROID","platformName":"Android","udid":"192.168.58.101:5555"},"firstMatch":[{"platformName":"android"}]}}[39m
[35m[Appium][39m Could not parse W3C capabilities: 'deviceName' can't be blank. Falling back to JSONWP protocol.
[35m[Appium][39m The following capabilities were provided in the JSONWP desired capabilities that are missing in W3C capabilities: ["app","autoGrantPermissions","automationName","deviceName","fullReset","newCommandTimeout","noReset","platform","platformName","udid"]. Falling back to JSONWP protocol.
[35m[Appium][39m Creating new AndroidUiautomator2Driver (v1.12.0) session
[35m[Appium][39m Capabilities:
[35m[Appium][39m   app: D:\Hogar Pro v-1.0.2.apk
[35m[Appium][39m   autoGrantPermissions: true
[35m[Appium][39m   automationName: uiautomator2
[35m[Appium][39m   deviceName: Genymotion Samsung Galaxy S7 - 8.0 - API 26 - 1440x2560 (Android 8.0.0)
[35m[Appium][39m   fullReset: false
[35m[Appium][39m   newCommandTimeout: 1800
[35m[Appium][39m   noReset: true
[35m[Appium][39m   platform: ANDROID
[35m[Appium][39m   platformName: Android
[35m[Appium][39m   udid: 192.168.58.101:5555
[35m[BaseDriver][39m The following capabilities were provided, but are not recognized by appium: platform.
[35m[BaseDriver][39m Session created with session id: a67c4d76-3a7f-4d19-8b67-e3f77ba66de6
[35m[BaseDriver][39m Using local app 'D:\Hogar Pro v-1.0.2.apk'
[35m[AndroidDriver][39m Java version is: 1.8.0_181
[35m[ADB][39m Checking whether adb is present
[35m[ADB][39m Found 1 'build-tools' folders under 'C:\Users\manid\.katalon\tools\android_sdk' (newest first):
[35m[ADB][39m     C:/Users/manid/.katalon/tools/android_sdk/build-tools/28.0.3
[35m[ADB][39m Using adb.exe from C:\Users\manid\.katalon\tools\android_sdk\platform-tools\adb.exe
[35m[AndroidDriver][39m Retrieving device list
[35m[AndroidDriver][39m Using device: 192.168.58.101:5555
[35m[ADB][39m Using the alternative activity name detection method because of: Could not find apkanalyzer.bat in C:\Users\manid\.katalon\tools\android_sdk\platform-tools\apkanalyzer.bat,C:\Users\manid\.katalon\tools\android_sdk\emulator\apkanalyzer.bat,C:\Users\manid\.katalon\tools\android_sdk\tools\apkanalyzer.bat,C:\Users\manid\.katalon\tools\android_sdk\tools\bin\apkanalyzer.bat,C:\Users\manid\.katalon\tools\android_sdk\build-tools\28.0.3\apkanalyzer.bat. Do you have the Android SDK installed at 'C:\Users\manid\.katalon\tools\android_sdk'?
[35m[ADB][39m Checking whether aapt is present
[35m[ADB][39m Using aapt.exe from C:\Users\manid\.katalon\tools\android_sdk\build-tools\28.0.3\aapt.exe
[35m[ADB][39m Extracting package and launch activity from manifest
[35m[ADB][39m Package name: 'com.hogarpro'
[35m[ADB][39m Main activity name: 'com.hogarpro.MainActivity'
[35m[ADB][39m Getting device platform version
[35m[ADB][39m Using apksigner.bat from C:\Users\manid\.katalon\tools\android_sdk\build-tools\28.0.3\apksigner.bat
[35m[ADB][39m Checking whether zipalign is present
[35m[ADB][39m Using zipalign.exe from C:\Users\manid\.katalon\tools\android_sdk\build-tools\28.0.3\zipalign.exe
[35m[ADB][39m io.appium.uiautomator2.server was successfully uninstalled
[35m[ADB][39m io.appium.uiautomator2.server.test was successfully uninstalled
[35m[AndroidDriver][39m setDeviceLanguageCountry requires language or country.
[35m[AndroidDriver][39m Got language: 'null' and country: 'null'
[35m[ADB][39m Successfully extracted 150 strings from 'D:\Hogar Pro v-1.0.2.apk' resources for '(default)' configuration
[35m[UiAutomator2][39m Starting uiautomator2 server 1.12.0
[35m[UiAutomator2][39m Using UIAutomator2 server from 'C:\Users\manid\AppData\Roaming\npm\node_modules\appium\node_modules\appium-uiautomator2-server\apks\appium-uiautomator2-server-v1.12.0.apk' and test from 'C:\Users\manid\AppData\Roaming\npm\node_modules\appium\node_modules\appium-uiautomator2-server\apks\appium-uiautomator2-server-debug-androidTest.apk'
[35m[UiAutomator2][39m Running command: 'adb -s 192.168.58.101:5555 shell am instrument -w io.appium.uiautomator2.server.test/android.support.test.runner.AndroidJUnitRunner'
[35m[UiAutomator2][39m Waiting up to 20000ms for UiAutomator2 to be online...
[35m[AndroidDriver][39m Screen already unlocked, doing nothing
[35m[UiAutomator2][39m UiAutomator2 did not start the activity we were waiting for, 'com.hogarpro/com.hogarpro.MainActivity'. Starting it ourselves
[35m[Appium][39m New AndroidUiautomator2Driver session created successfully, session a67c4d76-3a7f-4d19-8b67-e3f77ba66de6 added to master session list
[35m[HTTP][39m [37m<-- POST /wd/hub/session [39m[32m200[39m [90m20966 ms - 1193[39m
[35m[HTTP][39m [90m[39m
[35m[HTTP][39m [37m-->[39m [37mGET[39m [37m/wd/hub/status[39m
[35m[HTTP][39m [90m{}[39m
[35m[HTTP][39m [37m<-- GET /wd/hub/status [39m[32m200[39m [90m3 ms - 55[39m
[35m[HTTP][39m [90m[39m
[35m[HTTP][39m [37m-->[39m [37mPOST[39m [37m/wd/hub/session/a67c4d76-3a7f-4d19-8b67-e3f77ba66de6/timeouts[39m
[35m[HTTP][39m [90m{"type":"implicit","ms":60000}[39m
[35m[HTTP][39m [37m<-- POST /wd/hub/session/a67c4d76-3a7f-4d19-8b67-e3f77ba66de6/timeouts [39m[33m400[39m [90m20 ms - 5204[39m
[35m[HTTP][39m [90m[39m
[35m[HTTP][39m [37m-->[39m [37mGET[39m [37m/wd/hub/session/a67c4d76-3a7f-4d19-8b67-e3f77ba66de6/source[39m
[35m[HTTP][39m [90m{}[39m
[35m[W3C][39m Driver proxy active, passing request on via HTTP proxy
[35m[JSONWP Proxy][39m Replacing sessionId f632ddd9-08e2-4227-9258-674ca21b8cab with a67c4d76-3a7f-4d19-8b67-e3f77ba66de6
[35m[HTTP][39m [37m<-- GET /wd/hub/session/a67c4d76-3a7f-4d19-8b67-e3f77ba66de6/source [39m[32m200[39m [90m233 ms - 1809[39m
[35m[HTTP][39m [90m[39m
[35m[HTTP][39m [37m-->[39m [37mGET[39m [37m/wd/hub/session/a67c4d76-3a7f-4d19-8b67-e3f77ba66de6/screenshot[39m
[35m[HTTP][39m [90m{}[39m
[35m[HTTP][39m [37m<-- GET /wd/hub/session/a67c4d76-3a7f-4d19-8b67-e3f77ba66de6/screenshot [39m[32m200[39m [90m2659 ms - 1458362[39m
[35m[HTTP][39m [90m[39m
[35m[HTTP][39m [37m-->[39m [37mGET[39m [37m/wd/hub/session/a67c4d76-3a7f-4d19-8b67-e3f77ba66de6/source[39m
[35m[HTTP][39m [90m{}[39m
[35m[W3C][39m Driver proxy active, passing request on via HTTP proxy
[35m[JSONWP Proxy][39m Replacing sessionId f632ddd9-08e2-4227-9258-674ca21b8cab with a67c4d76-3a7f-4d19-8b67-e3f77ba66de6
[35m[HTTP][39m [37m<-- GET /wd/hub/session/a67c4d76-3a7f-4d19-8b67-e3f77ba66de6/source [39m[32m200[39m [90m126 ms - 7011[39m
[35m[HTTP][39m [90m[39m
[35m[HTTP][39m [37m-->[39m [37mGET[39m [37m/wd/hub/session/a67c4d76-3a7f-4d19-8b67-e3f77ba66de6/screenshot[39m
[35m[HTTP][39m [90m{}[39m
[35m[HTTP][39m [37m<-- GET /wd/hub/session/a67c4d76-3a7f-4d19-8b67-e3f77ba66de6/screenshot [39m[32m200[39m [90m943 ms - 549052[39m
[35m[HTTP][39m [90m[39m
[35m[HTTP][39m [37m-->[39m [37mGET[39m [37m/wd/hub/session/a67c4d76-3a7f-4d19-8b67-e3f77ba66de6/source[39m
[35m[HTTP][39m [90m{}[39m
[35m[W3C][39m Driver proxy active, passing request on via HTTP proxy
[35m[JSONWP Proxy][39m Replacing sessionId f632ddd9-08e2-4227-9258-674ca21b8cab with a67c4d76-3a7f-4d19-8b67-e3f77ba66de6
[35m[HTTP][39m [37m<-- GET /wd/hub/session/a67c4d76-3a7f-4d19-8b67-e3f77ba66de6/source [39m[32m200[39m [90m201 ms - 17070[39m
[35m[HTTP][39m [90m[39m
[35m[HTTP][39m [37m-->[39m [37mGET[39m [37m/wd/hub/session/a67c4d76-3a7f-4d19-8b67-e3f77ba66de6/screenshot[39m
[35m[HTTP][39m [90m{}[39m
[35m[HTTP][39m [37m<-- GET /wd/hub/session/a67c4d76-3a7f-4d19-8b67-e3f77ba66de6/screenshot [39m[32m200[39m [90m1149 ms - 741210[39m
[35m[HTTP][39m [90m[39m
[35m[HTTP][39m [37m-->[39m [37mGET[39m [37m/wd/hub/session/a67c4d76-3a7f-4d19-8b67-e3f77ba66de6/source[39m
[35m[HTTP][39m [90m{}[39m
[35m[W3C][39m Driver proxy active, passing request on via HTTP proxy
[35m[JSONWP Proxy][39m Replacing sessionId f632ddd9-08e2-4227-9258-674ca21b8cab with a67c4d76-3a7f-4d19-8b67-e3f77ba66de6
[35m[HTTP][39m [37m<-- GET /wd/hub/session/a67c4d76-3a7f-4d19-8b67-e3f77ba66de6/source [39m[32m200[39m [90m218 ms - 30283[39m
[35m[HTTP][39m [90m[39m
[35m[HTTP][39m [37m-->[39m [37mGET[39m [37m/wd/hub/session/a67c4d76-3a7f-4d19-8b67-e3f77ba66de6/screenshot[39m
[35m[HTTP][39m [90m{}[39m
[35m[HTTP][39m [37m<-- GET /wd/hub/session/a67c4d76-3a7f-4d19-8b67-e3f77ba66de6/screenshot [39m[32m200[39m [90m3921 ms - 2602388[39m
[35m[HTTP][39m [90m[39m
[35m[HTTP][39m [37m-->[39m [37mGET[39m [37m/wd/hub/session/a67c4d76-3a7f-4d19-8b67-e3f77ba66de6/source[39m
[35m[HTTP][39m [90m{}[39m
[35m[W3C][39m Driver proxy active, passing request on via HTTP proxy
[35m[JSONWP Proxy][39m Replacing sessionId f632ddd9-08e2-4227-9258-674ca21b8cab with a67c4d76-3a7f-4d19-8b67-e3f77ba66de6
[35m[HTTP][39m [37m<-- GET /wd/hub/session/a67c4d76-3a7f-4d19-8b67-e3f77ba66de6/source [39m[32m200[39m [90m314 ms - 28952[39m
[35m[HTTP][39m [90m[39m
[35m[HTTP][39m [37m-->[39m [37mGET[39m [37m/wd/hub/session/a67c4d76-3a7f-4d19-8b67-e3f77ba66de6/screenshot[39m
[35m[HTTP][39m [90m{}[39m
[35m[HTTP][39m [37m<-- GET /wd/hub/session/a67c4d76-3a7f-4d19-8b67-e3f77ba66de6/screenshot [39m[32m200[39m [90m5006 ms - 2303112[39m
[35m[HTTP][39m [90m[39m
[35m[HTTP][39m [37m-->[39m [37mGET[39m [37m/wd/hub/session/a67c4d76-3a7f-4d19-8b67-e3f77ba66de6/source[39m
[35m[HTTP][39m [90m{}[39m
[35m[W3C][39m Driver proxy active, passing request on via HTTP proxy
[35m[JSONWP Proxy][39m Replacing sessionId f632ddd9-08e2-4227-9258-674ca21b8cab with a67c4d76-3a7f-4d19-8b67-e3f77ba66de6
[35m[HTTP][39m [37m<-- GET /wd/hub/session/a67c4d76-3a7f-4d19-8b67-e3f77ba66de6/source [39m[32m200[39m [90m310 ms - 57699[39m
[35m[HTTP][39m [90m[39m
[35m[HTTP][39m [37m-->[39m [37mGET[39m [37m/wd/hub/session/a67c4d76-3a7f-4d19-8b67-e3f77ba66de6/screenshot[39m
[35m[HTTP][39m [90m{}[39m
[35m[HTTP][39m [37m<-- GET /wd/hub/session/a67c4d76-3a7f-4d19-8b67-e3f77ba66de6/screenshot [39m[32m200[39m [90m2176 ms - 1175720[39m
[35m[HTTP][39m [90m[39m
[35m[HTTP][39m [37m-->[39m [37mGET[39m [37m/wd/hub/session/a67c4d76-3a7f-4d19-8b67-e3f77ba66de6/source[39m
[35m[HTTP][39m [90m{}[39m
[35m[W3C][39m Driver proxy active, passing request on via HTTP proxy
[35m[JSONWP Proxy][39m Replacing sessionId f632ddd9-08e2-4227-9258-674ca21b8cab with a67c4d76-3a7f-4d19-8b67-e3f77ba66de6
[35m[HTTP][39m [37m<-- GET /wd/hub/session/a67c4d76-3a7f-4d19-8b67-e3f77ba66de6/source [39m[32m200[39m [90m382 ms - 83656[39m
[35m[HTTP][39m [90m[39m
[35m[HTTP][39m [37m-->[39m [37mGET[39m [37m/wd/hub/session/a67c4d76-3a7f-4d19-8b67-e3f77ba66de6/screenshot[39m
[35m[HTTP][39m [90m{}[39m
[35m[HTTP][39m [37m<-- GET /wd/hub/session/a67c4d76-3a7f-4d19-8b67-e3f77ba66de6/screenshot [39m[32m200[39m [90m2341 ms - 1219058[39m
[35m[HTTP][39m [90m[39m
[35m[HTTP][39m [37m-->[39m [37mGET[39m [37m/wd/hub/session/a67c4d76-3a7f-4d19-8b67-e3f77ba66de6/source[39m
[35m[HTTP][39m [90m{}[39m
[35m[W3C][39m Driver proxy active, passing request on via HTTP proxy
[35m[JSONWP Proxy][39m Replacing sessionId f632ddd9-08e2-4227-9258-674ca21b8cab with a67c4d76-3a7f-4d19-8b67-e3f77ba66de6
[35m[HTTP][39m [37m<-- GET /wd/hub/session/a67c4d76-3a7f-4d19-8b67-e3f77ba66de6/source [39m[32m200[39m [90m286 ms - 57699[39m
[35m[HTTP][39m [90m[39m
[35m[HTTP][39m [37m-->[39m [37mGET[39m [37m/wd/hub/session/a67c4d76-3a7f-4d19-8b67-e3f77ba66de6/screenshot[39m
[35m[HTTP][39m [90m{}[39m
[35m[HTTP][39m [37m<-- GET /wd/hub/session/a67c4d76-3a7f-4d19-8b67-e3f77ba66de6/screenshot [39m[32m200[39m [90m1947 ms - 1175720[39m
[35m[HTTP][39m [90m[39m
[35m[HTTP][39m [37m-->[39m [37mDELETE[39m [37m/wd/hub/session/a67c4d76-3a7f-4d19-8b67-e3f77ba66de6[39m
[35m[HTTP][39m [90m{}[39m
[35m[Appium][39m Removing session a67c4d76-3a7f-4d19-8b67-e3f77ba66de6 from our master session list
[35m[HTTP][39m [37m<-- DELETE /wd/hub/session/a67c4d76-3a7f-4d19-8b67-e3f77ba66de6 [39m[32m200[39m [90m198 ms - 76[39m
[35m[HTTP][39m [90m[39m
